<?xml version="1.0" encoding="UTF-8"?>
<!-- Generated by org.testng.reporters.JUnitReportReporter -->
<testsuite hostname="Florentina" failures="0" tests="1" name="demo.TestNGIgnoreDemo" time="0.018" errors="0" timestamp="2021-12-15T13:58:34 EET" skipped="0">
  <testcase classname="demo.TestNGIgnoreDemo" name="test2" time="0.018"/>
  <system-out/>
</testsuite> <!-- demo.TestNGIgnoreDemo -->
