<?xml version="1.0" encoding="UTF-8"?>
<!-- Generated by org.testng.reporters.JUnitReportReporter -->
<testsuite hostname="Florentina" failures="0" tests="1" name="test.TestNG_Demo2" time="6.879" errors="0" timestamp="2021-12-07T10:07:15 EET" skipped="0">
  <testcase classname="test.TestNG_Demo2" name="googleSearch2" time="6.879"/>
  <system-out/>
</testsuite> <!-- test.TestNG_Demo2 -->
