<?xml version="1.0" encoding="UTF-8"?>
<!-- Generated by org.testng.reporters.JUnitReportReporter -->
<testsuite hostname="Florentina" failures="0" tests="3" name="demo.TestNGPriorityDemo" time="0.037" errors="0" timestamp="2021-12-14T13:54:51 EET" skipped="0">
  <testcase classname="demo.TestNGPriorityDemo" name="one" time="0.027"/>
  <system-out/>
  <testcase classname="demo.TestNGPriorityDemo" name="two" time="0.003"/>
  <system-out/>
  <testcase classname="demo.TestNGPriorityDemo" name="three" time="0.007"/>
  <system-out/>
</testsuite> <!-- demo.TestNGPriorityDemo -->
