<?xml version="1.0" encoding="UTF-8"?>
<!-- Generated by org.testng.reporters.JUnitReportReporter -->
<testsuite hostname="Florentina" failures="0" tests="3" name="listeners.TestNGListenerDemo" time="12.313" errors="0" timestamp="2021-12-14T13:01:37 EET" skipped="1">
  <testcase classname="listeners.TestNGListenerDemo" name="test2" time="12.287"/>
  <system-out/>
  <testcase classname="listeners.TestNGListenerDemo" name="test1" time="0.019"/>
  <system-out/>
  <testcase classname="listeners.TestNGListenerDemo" name="test3" time="0.007">
    <skipped/>
  </testcase> <!-- test3 -->
  <system-out/>
</testsuite> <!-- listeners.TestNGListenerDemo -->
