<?xml version="1.0" encoding="UTF-8"?>
<!-- Generated by org.testng.reporters.JUnitReportReporter -->
<testsuite hostname="Florentina" failures="0" tests="1" name="demo.TestNGParametersDemo" time="0.019" errors="0" timestamp="2021-12-15T11:43:48 EET" skipped="0">
  <testcase classname="demo.TestNGParametersDemo" name="test" time="0.019"/>
  <system-out/>
</testsuite> <!-- demo.TestNGParametersDemo -->
