<?xml version="1.0" encoding="UTF-8"?>
<!-- Generated by org.testng.reporters.JUnitReportReporter -->
<testsuite hostname="Florentina" failures="0" tests="2" name="test.ExtentReportsDemoWithTestNG" time="2.167" errors="0" timestamp="2021-11-25T13:11:07 EET" skipped="0">
  <testcase classname="test.ExtentReportsDemoWithTestNG" name="test2" time="0.005"/>
  <system-out/>
  <testcase classname="test.ExtentReportsDemoWithTestNG" name="test1" time="2.162"/>
  <system-out/>
</testsuite> <!-- test.ExtentReportsDemoWithTestNG -->
