<?xml version="1.0" encoding="UTF-8"?>
<!-- Generated by org.testng.reporters.JUnitReportReporter -->
<testsuite hostname="Florentina" failures="0" tests="1" name="demo.TestNGParametersDemo" time="0.017" errors="0" timestamp="2022-01-04T16:11:00 EET" skipped="0">
  <testcase classname="demo.TestNGParametersDemo" name="test" time="0.017"/>
  <system-out/>
</testsuite> <!-- demo.TestNGParametersDemo -->
