<?xml version="1.0" encoding="UTF-8"?>
<!-- Generated by org.testng.reporters.JUnitReportReporter -->
<testsuite hostname="Florentina" failures="0" tests="3" name="listeners.TestNGListenerDemo2" time="0.010" errors="0" timestamp="2021-12-14T13:01:37 EET" skipped="1">
  <testcase classname="listeners.TestNGListenerDemo2" name="test6" time="0.002">
    <skipped/>
  </testcase> <!-- test6 -->
  <system-out/>
  <testcase classname="listeners.TestNGListenerDemo2" name="test5" time="0.005"/>
  <system-out/>
  <testcase classname="listeners.TestNGListenerDemo2" name="test4" time="0.003"/>
  <system-out/>
</testsuite> <!-- listeners.TestNGListenerDemo2 -->
