<?xml version="1.0" encoding="UTF-8"?>
<!-- Generated by org.testng.reporters.JUnitReportReporter -->
<testsuite hostname="Florentina" failures="0" tests="3" name="demo.TestNGDependencyDemo" time="0.044" errors="0" timestamp="2021-12-15T13:54:15 EET" skipped="0">
  <testcase classname="demo.TestNGDependencyDemo" name="test2" time="0.023"/>
  <system-out/>
  <testcase classname="demo.TestNGDependencyDemo" name="test1" time="0.014"/>
  <system-out/>
  <testcase classname="demo.TestNGDependencyDemo" name="test3" time="0.007"/>
  <system-out/>
</testsuite> <!-- demo.TestNGDependencyDemo -->
